2024-12-20 01:43:34,172 - INFO - Starting crawler
2024-12-20 01:43:35,422 - INFO - Starting crawl for domain: amazon.com
2024-12-20 01:43:35,428 - INFO - Starting crawl for domain: vastramaniaa.com
2024-12-20 01:43:35,433 - INFO - Starting crawl for domain: www2.hm.com
2024-12-20 01:43:35,437 - INFO - Starting crawl for domain: myntra.com
2024-12-20 01:43:36,403 - INFO - myntra.com: Crawling myntra.com/homepage (Depth: 0/5) (Pages: 1/150)
2024-12-20 01:43:36,407 - INFO - vastramaniaa.com: Crawling vastramaniaa.com/homepage (Depth: 0/5) (Pages: 1/150)
2024-12-20 01:43:36,409 - INFO - www2.hm.com: Crawling www2.hm.com/homepage (Depth: 0/5) (Pages: 1/150)
2024-12-20 01:43:36,411 - INFO - amazon.com: Crawling amazon.com/homepage (Depth: 0/5) (Pages: 1/150)
2024-12-20 01:43:43,951 - INFO - vastramaniaa.com: Crawling vastramaniaa.com/collections/kurta-sets (Depth: 1/5) (Pages: 2/150)
2024-12-20 01:43:44,982 - INFO - www2.hm.com: Crawling www2.hm.com/en_in/home/new-arrivals/textiles.html (Depth: 1/5) (Pages: 2/150)
2024-12-20 01:43:47,689 - INFO - myntra.com: Crawling myntra.com/pure-home-and-living (Depth: 1/5) (Pages: 2/150)
2024-12-20 01:43:48,946 - INFO - vastramaniaa.com: Crawling vastramaniaa.com/pages/cancellation-return-exchange (Depth: 2/5) (Pages: 3/150)
2024-12-20 01:43:53,311 - INFO - www2.hm.com: Crawling www2.hm.com/en_in/home/member-exclusive-prices/dine-in-style.html (Depth: 2/5) (Pages: 3/150)
2024-12-20 01:43:53,826 - INFO - vastramaniaa.com: Crawling vastramaniaa.com/pages/shipping-policy (Depth: 3/5) (Pages: 4/150)
2024-12-20 01:43:55,204 - INFO - myntra.com: Crawling myntra.com/ki-etnhc (Depth: 2/5) (Pages: 3/150)
2024-12-20 01:43:58,580 - INFO - vastramaniaa.com: Crawling vastramaniaa.com/pages/terms-and-conditions (Depth: 4/5) (Pages: 5/150)
2024-12-20 01:44:01,733 - INFO - www2.hm.com: Crawling www2.hm.com/en_in/men/seasonal-trending/trending-now.html (Depth: 3/5) (Pages: 4/150)
2024-12-20 01:44:03,512 - INFO - vastramaniaa.com: Crawling vastramaniaa.com/search (Depth: 5/5) (Pages: 6/150)
2024-12-20 01:44:05,260 - INFO - myntra.com: Crawling myntra.com/pepe-jeans (Depth: 3/5) (Pages: 4/150)
2024-12-20 01:44:06,414 - WARNING - Timeout while loading https://amazon.com, continuing with partial page load
2024-12-20 01:44:08,037 - INFO - www2.hm.com: Crawling www2.hm.com/en_in/women/sport/outerwear.html (Depth: 4/5) (Pages: 5/150)
2024-12-20 01:44:08,274 - INFO - vastramaniaa.com: Crawling vastramaniaa.com/collections/kurta-kurtis (Depth: 5/5) (Pages: 7/150)
2024-12-20 01:44:10,223 - INFO - amazon.com: Crawling www.amazon.com/ap/register (Depth: 1/5) (Pages: 2/150)
2024-12-20 01:44:12,547 - INFO - myntra.com: Crawling myntra.com/school-shoes (Depth: 4/5) (Pages: 5/150)
2024-12-20 01:44:13,261 - INFO - vastramaniaa.com: Crawling vastramaniaa.com/collections/raksha-bandhan-collection (Depth: 5/5) (Pages: 8/150)
2024-12-20 01:44:15,294 - INFO - amazon.com: Crawling www.amazon.com/homepage (Depth: 2/5) (Pages: 3/150)
2024-12-20 01:44:16,565 - INFO - www2.hm.com: Crawling www2.hm.com/en_in/productpage.1239914003.html (Depth: 5/5) (Pages: 6/150)
2024-12-20 01:44:18,849 - INFO - vastramaniaa.com: Crawling vastramaniaa.com/homepage (Depth: 5/5) (Pages: 9/150)
2024-12-20 01:44:19,917 - INFO - myntra.com: Crawling myntra.com/women-personal-care (Depth: 5/5) (Pages: 6/150)
2024-12-20 01:44:23,453 - INFO - www2.hm.com: Crawling www2.hm.com/en_in/men/shop-by-product/underwear.html (Depth: 5/5) (Pages: 7/150)
2024-12-20 01:44:23,805 - INFO - vastramaniaa.com: Crawling vastramaniaa.com/collections/trending-now (Depth: 5/5) (Pages: 10/150)
2024-12-20 01:44:26,752 - INFO - myntra.com: Crawling myntra.com/titan-watches (Depth: 5/5) (Pages: 7/150)
2024-12-20 01:44:28,706 - INFO - vastramaniaa.com: Crawling vastramaniaa.com/policies/privacy-policy (Depth: 5/5) (Pages: 11/150)
2024-12-20 01:44:31,138 - INFO - www2.hm.com: Crawling www2.hm.com/en_in/productpage.1258747002.html (Depth: 5/5) (Pages: 8/150)
2024-12-20 01:44:33,762 - INFO - vastramaniaa.com: Crawling vastramaniaa.com/collections/new-arrival/new+latest (Depth: 5/5) (Pages: 12/150)
2024-12-20 01:44:33,838 - INFO - myntra.com: Crawling myntra.com/romee (Depth: 5/5) (Pages: 8/150)
2024-12-20 01:44:38,893 - INFO - www2.hm.com: Crawling www2.hm.com/en_in/kids/boys-9-14y/clothing.html (Depth: 5/5) (Pages: 9/150)
2024-12-20 01:44:38,954 - INFO - vastramaniaa.com: Crawling vastramaniaa.com/cart (Depth: 5/5) (Pages: 13/150)
2024-12-20 01:44:41,376 - INFO - myntra.com: Crawling myntra.com/men-wallets (Depth: 5/5) (Pages: 9/150)
2024-12-20 01:44:44,002 - INFO - vastramaniaa.com: Crawling vastramaniaa.com/collections/best-seller/Best-seller (Depth: 5/5) (Pages: 14/150)
2024-12-20 01:44:45,296 - WARNING - Timeout while loading https://www.amazon.com, continuing with partial page load
2024-12-20 01:44:47,138 - INFO - www2.hm.com: Crawling www2.hm.com/en_in/sustainability-at-hm.html (Depth: 5/5) (Pages: 10/150)
2024-12-20 01:44:48,549 - INFO - myntra.com: Crawling myntra.com/women-ethnic-wear (Depth: 5/5) (Pages: 10/150)
2024-12-20 01:44:48,934 - INFO - vastramaniaa.com: Crawling vastramaniaa.com/policies/refund-policy (Depth: 5/5) (Pages: 15/150)
2024-12-20 01:44:49,280 - INFO - amazon.com: Crawling www.amazon.com/customer-preferences/country (Depth: 3/5) (Pages: 4/150)
2024-12-20 01:44:53,269 - INFO - www2.hm.com: Crawling www2.hm.com/en_in/men/accessories/gloves.html (Depth: 5/5) (Pages: 11/150)
2024-12-20 01:44:53,693 - INFO - vastramaniaa.com: Crawling vastramaniaa.com/pages/about-us (Depth: 5/5) (Pages: 16/150)
2024-12-20 01:44:55,419 - INFO - amazon.com: Crawling www.amazon.com/services (Depth: 4/5) (Pages: 5/150)
2024-12-20 01:44:56,247 - INFO - myntra.com: Crawling myntra.com/dhoti (Depth: 5/5) (Pages: 11/150)
2024-12-20 01:44:58,399 - INFO - vastramaniaa.com: Crawling vastramaniaa.com/pages/privacy-policy (Depth: 5/5) (Pages: 17/150)
2024-12-20 01:45:00,280 - INFO - www2.hm.com: Crawling www2.hm.com/en_in/women/new-arrivals/clothes.html (Depth: 5/5) (Pages: 12/150)
2024-12-20 01:45:02,328 - INFO - amazon.com: Crawling www.amazon.com/hz/mycd/myx (Depth: 5/5) (Pages: 6/150)
2024-12-20 01:45:07,982 - INFO - www2.hm.com: Crawling www2.hm.com/en_in/sale/shop-by-product-home/bed-linen.html (Depth: 5/5) (Pages: 13/150)
2024-12-20 01:45:11,632 - INFO - amazon.com: Crawling www.amazon.com/gp/history (Depth: 5/5) (Pages: 7/150)
2024-12-20 01:45:15,846 - INFO - www2.hm.com: Crawling www2.hm.com/en_in/kids/new-arrivals/2-8.html (Depth: 5/5) (Pages: 14/150)
2024-12-20 01:45:16,465 - INFO - vastramaniaa.com: Crawling vastramaniaa.com/policies/contact-information (Depth: 5/5) (Pages: 18/150)
2024-12-20 01:45:17,751 - INFO - amazon.com: Crawling www.amazon.com/b/ref=s9_acss_bw_cg_vassftt_2b1_w (Depth: 5/5) (Pages: 8/150)
2024-12-20 01:45:21,207 - INFO - vastramaniaa.com: Crawling vastramaniaa.com/blogs/news (Depth: 5/5) (Pages: 19/150)
2024-12-20 01:45:21,690 - INFO - amazon.com: Crawling www.amazon.com/gp/css/homepage.html (Depth: 5/5) (Pages: 9/150)
2024-12-20 01:45:23,441 - INFO - www2.hm.com: Crawling www2.hm.com/en_in/sale/shop-by-product-home/bedroom.html (Depth: 5/5) (Pages: 15/150)
2024-12-20 01:45:26,141 - INFO - vastramaniaa.com: Crawling vastramaniaa.com/policies/shipping-policy (Depth: 5/5) (Pages: 20/150)
2024-12-20 01:45:26,248 - WARNING - Timeout while loading https://myntra.com/dhoti, continuing with partial page load
2024-12-20 01:45:27,800 - INFO - amazon.com: Crawling www.amazon.com/hz5/yourmembershipsandsubscriptions (Depth: 5/5) (Pages: 10/150)
2024-12-20 01:45:30,542 - INFO - myntra.com: Crawling myntra.com/toys-and-games (Depth: 5/5) (Pages: 12/150)
2024-12-20 01:45:30,924 - INFO - vastramaniaa.com: Crawling vastramaniaa.com/pages/contact-us (Depth: 5/5) (Pages: 21/150)
2024-12-20 01:45:31,686 - INFO - www2.hm.com: Crawling www2.hm.com/en_in/sale/shop-by-product-home/cushions.html (Depth: 5/5) (Pages: 16/150)
2024-12-20 01:45:32,991 - INFO - amazon.com: Crawling www.amazon.com/b/ref=s9_bw_cg_vasSSFsc_2d1_w (Depth: 5/5) (Pages: 11/150)
2024-12-20 01:45:35,981 - INFO - vastramaniaa.com: Crawling vastramaniaa.com/collections/all (Depth: 5/5) (Pages: 22/150)
2024-12-20 01:45:36,907 - INFO - amazon.com: Crawling www.amazon.com/b/ref=s9_bw_cg_vasSSFsc_2c1_w (Depth: 5/5) (Pages: 12/150)
2024-12-20 01:45:37,603 - INFO - myntra.com: Crawling myntra.com/cushion-and-cushion-covers (Depth: 5/5) (Pages: 13/150)
2024-12-20 01:45:39,517 - INFO - www2.hm.com: Crawling www2.hm.com/en_in/baby/products/outerwear.html (Depth: 5/5) (Pages: 17/150)
2024-12-20 01:45:40,851 - INFO - amazon.com: Crawling www.amazon.com/b/ref=s9_acss_bw_cg_vassftt_2c1_w (Depth: 5/5) (Pages: 13/150)
2024-12-20 01:45:41,095 - INFO - vastramaniaa.com: Crawling vastramaniaa.com/collections/co-ord-sets (Depth: 5/5) (Pages: 23/150)
2024-12-20 01:45:45,405 - INFO - amazon.com: Crawling www.amazon.com/gp/kindle/ku/ku_central (Depth: 5/5) (Pages: 14/150)
2024-12-20 01:45:45,522 - INFO - myntra.com: Crawling myntra.com/mens-watches (Depth: 5/5) (Pages: 14/150)
2024-12-20 01:45:46,045 - INFO - vastramaniaa.com: Crawling vastramaniaa.com/collections/anarkali-dress (Depth: 5/5) (Pages: 24/150)
2024-12-20 01:45:47,517 - INFO - www2.hm.com: Crawling www2.hm.com/en_in/men/shop-by-product/nightwear-loungewear.html (Depth: 5/5) (Pages: 18/150)
2024-12-20 01:45:50,966 - INFO - vastramaniaa.com: Crawling vastramaniaa.com/policies/terms-of-service (Depth: 5/5) (Pages: 25/150)
2024-12-20 01:45:52,721 - INFO - myntra.com: Crawling myntra.com/curtains (Depth: 5/5) (Pages: 15/150)
2024-12-20 01:45:52,742 - INFO - amazon.com: Crawling www.amazon.com/b/ref=s9_bw_cg_vasSSFsc_2b1_w (Depth: 5/5) (Pages: 15/150)
2024-12-20 01:45:55,543 - INFO - www2.hm.com: Crawling www2.hm.com/en_in/women/sport/view-all.html (Depth: 5/5) (Pages: 19/150)
2024-12-20 01:45:55,772 - INFO - vastramaniaa.com: Crawling vastramaniaa.com/collections/new-arrival (Depth: 1/5) (Pages: 26/150)
2024-12-20 01:45:56,682 - INFO - amazon.com: Crawling www.amazon.com/gp/help/customer/display.html (Depth: 5/5) (Pages: 16/150)
2024-12-20 01:45:59,806 - INFO - myntra.com: Crawling myntra.com/wrangler-shirts (Depth: 5/5) (Pages: 16/150)
2024-12-20 01:46:00,983 - INFO - vastramaniaa.com: Crawling vastramaniaa.com/collections/best-seller (Depth: 1/5) (Pages: 27/150)
2024-12-20 01:46:02,951 - INFO - amazon.com: Crawling www.amazon.com/b/ref=s9_acss_bw_cg_vassftt_2d1_w (Depth: 5/5) (Pages: 17/150)
2024-12-20 01:46:06,050 - INFO - www2.hm.com: Crawling www2.hm.com/en_in/women/accessories/sunglasses.html (Depth: 5/5) (Pages: 20/150)
2024-12-20 01:46:06,119 - INFO - 
Domain vastramaniaa.com crawl completed:
2024-12-20 01:46:06,119 - INFO - - Final pages crawled: 27 out of 150 maximum
2024-12-20 01:46:06,119 - INFO - - Product URLs found: 45

2024-12-20 01:46:06,776 - INFO - myntra.com: Crawling myntra.com/roadster-shirts (Depth: 5/5) (Pages: 17/150)
2024-12-20 01:46:06,879 - INFO - amazon.com: Crawling www.amazon.com/customer-preferences/edit (Depth: 5/5) (Pages: 18/150)
2024-12-20 01:46:13,146 - INFO - amazon.com: Crawling www.amazon.com/https://m.media-amazon.com/images/I/D1oD7VszJpL.mp4/ref=s9_acss_bw_cg_vassftt_1a1_w (Depth: 5/5) (Pages: 19/150)
2024-12-20 01:46:13,793 - INFO - www2.hm.com: Crawling www2.hm.com/en_in/men/sport/outerwear.html (Depth: 5/5) (Pages: 21/150)
2024-12-20 01:46:17,052 - INFO - amazon.com: Crawling www.amazon.com/gp/browse.html (Depth: 5/5) (Pages: 20/150)
2024-12-20 01:46:20,970 - INFO - amazon.com: Crawling www.amazon.com/b/ref=s9_bw_cg_vasSSFsc_2a1_w (Depth: 5/5) (Pages: 21/150)
2024-12-20 01:46:21,942 - INFO - www2.hm.com: Crawling www2.hm.com/en_in/kids/seasonal-trending/basics0.html (Depth: 5/5) (Pages: 22/150)
2024-12-20 01:46:22,164 - INFO - myntra.com: Crawling myntra.com/kids-innerwear (Depth: 5/5) (Pages: 18/150)
2024-12-20 01:46:25,558 - INFO - amazon.com: Crawling www.amazon.com/gp/video/library (Depth: 5/5) (Pages: 22/150)
2024-12-20 01:46:29,618 - INFO - myntra.com: Crawling myntra.com/cups-and-mugs (Depth: 5/5) (Pages: 19/150)
2024-12-20 01:46:29,647 - INFO - www2.hm.com: Crawling www2.hm.com/en_in/sale/men/nightwear-loungewear.html (Depth: 5/5) (Pages: 23/150)
2024-12-20 01:46:32,316 - INFO - amazon.com: Crawling www.amazon.com/b (Depth: 5/5) (Pages: 23/150)
2024-12-20 01:46:36,319 - INFO - amazon.com: Crawling www.amazon.com/gp/subscribe-and-save/manager/viewsubscriptions (Depth: 5/5) (Pages: 24/150)
2024-12-20 01:46:37,595 - INFO - www2.hm.com: Crawling www2.hm.com/en_in/kids/girls/outerwear.html (Depth: 5/5) (Pages: 24/150)
2024-12-20 01:46:37,604 - INFO - myntra.com: Crawling myntra.com/converse-shoes (Depth: 5/5) (Pages: 20/150)
2024-12-20 01:46:43,005 - INFO - amazon.com: Crawling www.amazon.com/gp/digital/fiona/manage (Depth: 5/5) (Pages: 25/150)
2024-12-20 01:46:44,750 - INFO - myntra.com: Crawling myntra.com/mask-and-peel (Depth: 5/5) (Pages: 21/150)
2024-12-20 01:46:45,091 - INFO - www2.hm.com: Crawling www2.hm.com/en_in/women/shop-by-product/loungewear.html (Depth: 5/5) (Pages: 25/150)
2024-12-20 01:46:48,753 - INFO - amazon.com: Crawling www.amazon.com/gp/cart/view.html (Depth: 5/5) (Pages: 26/150)
2024-12-20 01:46:51,950 - INFO - myntra.com: Crawling myntra.com/bedding (Depth: 5/5) (Pages: 22/150)
2024-12-20 01:46:53,348 - INFO - www2.hm.com: Crawling www2.hm.com/en_in/sale/women/basics.html (Depth: 5/5) (Pages: 26/150)
2024-12-20 01:46:59,566 - INFO - amazon.com: Crawling www.amazon.com/registries (Depth: 5/5) (Pages: 27/150)
2024-12-20 01:47:00,308 - INFO - myntra.com: Crawling myntra.com/hair-wax (Depth: 5/5) (Pages: 23/150)
2024-12-20 01:47:01,219 - INFO - www2.hm.com: Crawling www2.hm.com/en_in/productpage.1178257007.html (Depth: 5/5) (Pages: 27/150)
2024-12-20 01:47:06,205 - INFO - amazon.com: Crawling www.amazon.com/gp/help/customer/accessibility (Depth: 5/5) (Pages: 28/150)
2024-12-20 01:47:07,313 - INFO - myntra.com: Crawling myntra.com/men-sports-wear-tshirts (Depth: 5/5) (Pages: 24/150)
2024-12-20 01:47:08,073 - INFO - www2.hm.com: Crawling www2.hm.com/en_in/sale/shop-by-product-home/storage.html (Depth: 5/5) (Pages: 28/150)
2024-12-20 01:47:11,941 - INFO - amazon.com: Crawling www.amazon.com/gp/seller-account/mm-summary-page.html (Depth: 5/5) (Pages: 29/150)
2024-12-20 01:47:14,823 - INFO - myntra.com: Crawling myntra.com/jumpsuits (Depth: 5/5) (Pages: 25/150)
2024-12-20 01:47:15,437 - INFO - www2.hm.com: Crawling www2.hm.com/en_in/kids/boys/h-m-adorables.html (Depth: 5/5) (Pages: 29/150)
2024-12-20 01:47:22,026 - INFO - myntra.com: Crawling myntra.com/tac (Depth: 5/5) (Pages: 26/150)
2024-12-20 01:47:23,171 - INFO - www2.hm.com: Crawling www2.hm.com/en_in/women/shoes/slingback.html (Depth: 5/5) (Pages: 30/150)
2024-12-20 01:47:27,209 - INFO - myntra.com: Crawling myntra.com/being-human (Depth: 5/5) (Pages: 27/150)
2024-12-20 01:47:30,017 - INFO - amazon.com: Crawling www.amazon.com/business (Depth: 5/5) (Pages: 30/150)
2024-12-20 01:47:30,588 - INFO - www2.hm.com: Crawling www2.hm.com/en_in/productpage.1226372001.html (Depth: 5/5) (Pages: 31/150)
2024-12-20 01:47:34,145 - INFO - myntra.com: Crawling myntra.com/dress-material (Depth: 5/5) (Pages: 28/150)
2024-12-20 01:47:36,639 - INFO - amazon.com: Crawling www.amazon.com/gp/css/order-history (Depth: 5/5) (Pages: 31/150)
2024-12-20 01:47:37,734 - INFO - www2.hm.com: Crawling www2.hm.com/en_in/customer-service/legal-and-privacy.html (Depth: 5/5) (Pages: 32/150)
2024-12-20 01:47:42,449 - INFO - myntra.com: Crawling myntra.com/men-blazers (Depth: 5/5) (Pages: 29/150)
2024-12-20 01:47:43,506 - INFO - amazon.com: Crawling www.amazon.com/privacyprefs (Depth: 5/5) (Pages: 32/150)
2024-12-20 01:47:50,222 - INFO - myntra.com: Crawling myntra.com/cricket-shoes (Depth: 5/5) (Pages: 30/150)
2024-12-20 01:47:50,320 - INFO - amazon.com: Crawling www.amazon.com/gp/css/returns/homepage.html (Depth: 5/5) (Pages: 33/150)
2024-12-20 01:47:53,111 - INFO - www2.hm.com: Crawling www2.hm.com/en_in/kids/new-arrivals/9-14.html (Depth: 5/5) (Pages: 33/150)
2024-12-20 01:47:55,509 - INFO - amazon.com: Crawling www.amazon.com/gp/goldbox (Depth: 5/5) (Pages: 34/150)
2024-12-20 01:47:57,531 - INFO - myntra.com: Crawling myntra.com/hair-dryer (Depth: 5/5) (Pages: 31/150)
2024-12-20 01:48:00,907 - INFO - www2.hm.com: Crawling www2.hm.com/en_in/index.html (Depth: 5/5) (Pages: 34/150)
2024-12-20 01:48:04,720 - INFO - myntra.com: Crawling myntra.com/adidas (Depth: 5/5) (Pages: 32/150)
2024-12-20 01:48:08,015 - INFO - www2.hm.com: Crawling www2.hm.com/en_in/home/shop-by-room/livingroom.html (Depth: 5/5) (Pages: 35/150)
2024-12-20 01:48:11,587 - INFO - myntra.com: Crawling myntra.com/organisers (Depth: 5/5) (Pages: 33/150)
2024-12-20 01:48:15,508 - INFO - www2.hm.com: Crawling www2.hm.com/en_in/men/new-arrivals/shoes.html (Depth: 5/5) (Pages: 36/150)
2024-12-20 01:48:18,283 - INFO - myntra.com: Crawling myntra.com/beauty-page-premium (Depth: 5/5) (Pages: 34/150)
2024-12-20 01:48:22,065 - INFO - www2.hm.com: Crawling www2.hm.com/en_in/baby/girls/clothing.html (Depth: 5/5) (Pages: 37/150)
2024-12-20 01:48:25,533 - WARNING - Timeout while loading https://www.amazon.com/gp/goldbox, continuing with partial page load
2024-12-20 01:48:28,179 - INFO - myntra.com: Crawling myntra.com/casual-shoes/liberty/liberty-kids-velcro-school-shoes/19389736/buy (Depth: 5/5) (Pages: 35/150)
2024-12-20 01:48:29,216 - INFO - amazon.com: Crawling www.amazon.com/homepage (Depth: 5/5) (Pages: 35/150)
2024-12-20 01:48:30,396 - INFO - www2.hm.com: Crawling www2.hm.com/en_in/men/holiday/holiday-shop.html (Depth: 5/5) (Pages: 38/150)
2024-12-20 01:48:37,009 - INFO - myntra.com: Crawling myntra.com/jackets (Depth: 5/5) (Pages: 36/150)
2024-12-20 01:48:39,323 - INFO - www2.hm.com: Crawling www2.hm.com/en_in/sale/women/jeans.html (Depth: 5/5) (Pages: 39/150)
2024-12-20 01:48:43,899 - INFO - myntra.com: Crawling myntra.com/body-scrub (Depth: 5/5) (Pages: 37/150)
2024-12-20 01:48:47,577 - INFO - www2.hm.com: Crawling www2.hm.com/en_in/women/sport/outerwear/jackets/windbreakers.html (Depth: 5/5) (Pages: 40/150)
2024-12-20 01:48:55,277 - INFO - www2.hm.com: Crawling www2.hm.com/en_in/home/shop-by-product/cooking-dining.html (Depth: 5/5) (Pages: 41/150)
2024-12-20 01:48:59,221 - WARNING - Timeout while loading https://www.amazon.com/, continuing with partial page load
2024-12-20 01:49:03,177 - INFO - www2.hm.com: Crawling www2.hm.com/en_in/productpage.1255463001.html (Depth: 5/5) (Pages: 42/150)
2024-12-20 01:49:03,340 - INFO - amazon.com: Crawling www.amazon.com/ir (Depth: 5/5) (Pages: 36/150)
2024-12-20 01:49:09,520 - INFO - www2.hm.com: Crawling www2.hm.com/en_in/women/shoes/view-all.html (Depth: 5/5) (Pages: 43/150)
2024-12-20 01:49:13,903 - WARNING - Timeout while loading https://myntra.com/body-scrub, continuing with partial page load
2024-12-20 01:49:16,719 - INFO - www2.hm.com: Crawling www2.hm.com/en_in/women/sport/sports-bras.html (Depth: 5/5) (Pages: 44/150)
2024-12-20 01:49:18,232 - INFO - myntra.com: Crawling myntra.com/casual-shoes/liberty/liberty-kids-gola-schv-textured-velcro-uniform-school-shoes/26219048/buy (Depth: 5/5) (Pages: 38/150)
2024-12-20 01:49:24,890 - INFO - www2.hm.com: Crawling www2.hm.com/en_in/men/shop-by-product/care-products.html (Depth: 5/5) (Pages: 45/150)
2024-12-20 01:49:26,553 - INFO - amazon.com: Crawling www.amazon.com/ref=nav_logo (Depth: 5/5) (Pages: 37/150)
2024-12-20 01:49:32,192 - INFO - myntra.com: Crawling myntra.com/men-sports-shoes (Depth: 5/5) (Pages: 39/150)
2024-12-20 01:49:32,808 - INFO - www2.hm.com: Crawling www2.hm.com/en_in/sale/baby/styles-for-rs-599-under.html (Depth: 5/5) (Pages: 46/150)
2024-12-20 01:49:38,995 - INFO - myntra.com: Crawling myntra.com/kids-home-bath (Depth: 5/5) (Pages: 40/150)
2024-12-20 01:49:40,348 - INFO - www2.hm.com: Crawling www2.hm.com/en_in/women/shop-by-product/shirts-blouses.html (Depth: 5/5) (Pages: 47/150)
2024-12-20 01:49:45,924 - INFO - myntra.com: Crawling myntra.com/men-sandals (Depth: 5/5) (Pages: 41/150)
2024-12-20 01:49:49,069 - INFO - www2.hm.com: Crawling www2.hm.com/en_in/women/sport/gym.html (Depth: 5/5) (Pages: 48/150)
2024-12-20 01:49:53,031 - INFO - myntra.com: Crawling myntra.com/giftcard (Depth: 5/5) (Pages: 42/150)
2024-12-20 01:49:56,560 - WARNING - Timeout while loading https://www.amazon.com/ref=nav_logo, continuing with partial page load
2024-12-20 01:49:57,083 - INFO - www2.hm.com: Crawling www2.hm.com/en_in/sale/men/view-all.html (Depth: 5/5) (Pages: 49/150)
2024-12-20 01:50:00,839 - INFO - amazon.com: Crawling www.amazon.com/b/ref=s9_acss_bw_cg_vassftt_2a1_w (Depth: 5/5) (Pages: 38/150)
2024-12-20 01:50:01,475 - INFO - myntra.com: Crawling myntra.com/speakers (Depth: 5/5) (Pages: 43/150)
2024-12-20 01:50:04,813 - INFO - amazon.com: Crawling www.amazon.com/ap/signin (Depth: 5/5) (Pages: 39/150)
2024-12-20 01:50:05,087 - INFO - www2.hm.com: Crawling www2.hm.com/en_in/women/sport/tops.html (Depth: 5/5) (Pages: 50/150)
2024-12-20 01:50:08,565 - INFO - myntra.com: Crawling myntra.com/mcaffeine (Depth: 5/5) (Pages: 44/150)
2024-12-20 01:50:09,402 - INFO - amazon.com: Crawling www.amazon.com/hz/wishlist/ls (Depth: 5/5) (Pages: 40/150)
2024-12-20 01:50:13,158 - INFO - www2.hm.com: Crawling www2.hm.com/en_in/home/shop-by-product/textiles.html (Depth: 5/5) (Pages: 51/150)
2024-12-20 01:50:15,409 - INFO - myntra.com: Crawling myntra.com/lip-balm (Depth: 5/5) (Pages: 45/150)
2024-12-20 01:50:16,300 - INFO - amazon.com: Crawling www.amazon.com/gift-cards/b (Depth: 5/5) (Pages: 41/150)
2024-12-20 01:50:20,621 - INFO - amazon.com: Crawling www.amazon.com/gp/video/watchlist (Depth: 5/5) (Pages: 42/150)
2024-12-20 01:50:21,092 - INFO - www2.hm.com: Crawling www2.hm.com/en_in/sale/men/underwear.html (Depth: 5/5) (Pages: 52/150)
2024-12-20 01:50:22,693 - INFO - myntra.com: Crawling myntra.com/men-sweatshirts (Depth: 5/5) (Pages: 46/150)
2024-12-20 01:50:27,969 - INFO - amazon.com: Crawling www.amazon.com/gp/yourstore (Depth: 5/5) (Pages: 43/150)
2024-12-20 01:50:28,510 - INFO - www2.hm.com: Crawling www2.hm.com/en_in/men/sport/sports-accessories.html (Depth: 5/5) (Pages: 53/150)
2024-12-20 01:50:30,229 - INFO - myntra.com: Crawling myntra.com/the-body-shop (Depth: 5/5) (Pages: 47/150)
2024-12-20 01:50:36,036 - INFO - www2.hm.com: Crawling www2.hm.com/en_in/baby/newborn/outerwear.html (Depth: 5/5) (Pages: 54/150)
2024-12-20 01:50:37,482 - INFO - amazon.com: Crawling www.amazon.com/gp/redirect.html (Depth: 3/5) (Pages: 44/150)
2024-12-20 01:50:38,293 - INFO - myntra.com: Crawling myntra.com/casual-shoes/liberty/liberty-kids-velcro-school-shoes-/19389722/buy (Depth: 5/5) (Pages: 48/150)
2024-12-20 01:50:41,425 - INFO - amazon.com: Crawling www.amazon.com/dogsofamazon (Depth: 4/5) (Pages: 45/150)
2024-12-20 01:50:44,040 - INFO - www2.hm.com: Crawling www2.hm.com/en_in/kids/girls-9-14y/clothing.html (Depth: 5/5) (Pages: 55/150)
2024-12-20 01:50:45,757 - INFO - myntra.com: Crawling myntra.com/casual-shoes/liberty/liberty-unisex-kids-white-solid-mid-top-sneakers/18935924/buy (Depth: 5/5) (Pages: 49/150)
2024-12-20 01:50:51,990 - INFO - www2.hm.com: Crawling www2.hm.com/en_in/men/shop-by-product/shorts.html (Depth: 5/5) (Pages: 56/150)
2024-12-20 01:50:52,826 - INFO - myntra.com: Crawling myntra.com/mobile-phone-cases (Depth: 5/5) (Pages: 50/150)
2024-12-20 01:51:00,268 - INFO - myntra.com: Crawling myntra.com/footwear (Depth: 5/5) (Pages: 51/150)
2024-12-20 01:51:00,762 - INFO - www2.hm.com: Crawling www2.hm.com/en_in/productpage.1233822001.html (Depth: 5/5) (Pages: 57/150)
2024-12-20 01:51:07,572 - INFO - myntra.com: Crawling myntra.com/beach-towels (Depth: 5/5) (Pages: 52/150)
2024-12-20 01:51:07,956 - INFO - www2.hm.com: Crawling www2.hm.com/en_in/women/sport/accessories.html (Depth: 5/5) (Pages: 58/150)
2024-12-20 01:51:11,430 - WARNING - Timeout while loading https://www.amazon.com/dogsofamazon, continuing with partial page load
2024-12-20 01:51:14,919 - INFO - amazon.com: Crawling www.amazon.com/gp/help/customer/display.html/ref=footer_privacy (Depth: 5/5) (Pages: 46/150)
2024-12-20 01:51:15,087 - INFO - myntra.com: Crawling myntra.com/lingerie-and-loungewear1 (Depth: 5/5) (Pages: 53/150)
2024-12-20 01:51:16,816 - INFO - www2.hm.com: Crawling www2.hm.com/en_in/customer-service/contact.html (Depth: 5/5) (Pages: 59/150)
2024-12-20 01:51:21,938 - INFO - amazon.com: Crawling www.amazon.com/news/small business (Depth: 5/5) (Pages: 47/150)
2024-12-20 01:51:22,738 - INFO - myntra.com: Crawling myntra.com/kids-packs- (Depth: 5/5) (Pages: 54/150)
2024-12-20 01:51:29,657 - INFO - myntra.com: Crawling myntra.com/women-shorts-skirts (Depth: 5/5) (Pages: 55/150)
2024-12-20 01:51:30,185 - INFO - amazon.com: Crawling www.amazon.com/news/retail (Depth: 5/5) (Pages: 48/150)
2024-12-20 01:51:34,121 - INFO - amazon.com: Crawling amazon.com/homepage (Depth: 5/5) (Pages: 49/150)
2024-12-20 01:51:37,605 - INFO - myntra.com: Crawling myntra.com/runners-table-placemats-table-cloth-table-covers-table-napkins-table-mat-oven-glove-aprons-kitchen-linen-sets-kitchen-gloves-table-linen-sets-napkin-set (Depth: 5/5) (Pages: 56/150)
2024-12-20 01:51:44,390 - INFO - myntra.com: Crawling myntra.com/maspar (Depth: 5/5) (Pages: 57/150)
2024-12-20 01:51:46,825 - WARNING - Timeout while loading https://www2.hm.com/en_in/customer-service/contact.html, continuing with partial page load
2024-12-20 01:51:51,493 - INFO - www2.hm.com: Crawling www2.hm.com/en_in/kids/girls-9-14y/sportswear.html (Depth: 5/5) (Pages: 60/150)
2024-12-20 01:51:51,924 - INFO - myntra.com: Crawling myntra.com/casual-shoes (Depth: 5/5) (Pages: 58/150)
2024-12-20 01:51:59,621 - INFO - myntra.com: Crawling myntra.com/casual-shoes/liberty/liberty-kids-lightweight-oxford-shoes-/26219036/buy (Depth: 5/5) (Pages: 59/150)
2024-12-20 01:52:00,059 - INFO - www2.hm.com: Crawling www2.hm.com/en_in/customer-service/legal-and-privacy/secure-shopping.html (Depth: 5/5) (Pages: 61/150)
2024-12-20 01:52:04,126 - WARNING - Timeout while loading https://amazon.com/, continuing with partial page load
2024-12-20 01:52:08,108 - INFO - amazon.com: Crawling www.amazon.com/more-from-amazon (Depth: 5/5) (Pages: 50/150)
2024-12-20 01:52:12,175 - INFO - myntra.com: Crawling myntra.com/carpets (Depth: 5/5) (Pages: 60/150)
2024-12-20 01:52:12,241 - INFO - amazon.com: Crawling www.amazon.com/news/aws (Depth: 5/5) (Pages: 51/150)
2024-12-20 01:52:16,377 - INFO - amazon.com: Crawling www.amazon.com/news/entertainment (Depth: 5/5) (Pages: 52/150)
2024-12-20 01:52:19,044 - INFO - myntra.com: Crawling myntra.com/outdoorlamp (Depth: 5/5) (Pages: 61/150)
2024-12-20 01:52:20,296 - INFO - amazon.com: Crawling www.amazon.com/news/community (Depth: 5/5) (Pages: 53/150)
2024-12-20 01:52:24,244 - INFO - amazon.com: Crawling www.amazon.com/news/workplace (Depth: 5/5) (Pages: 54/150)
2024-12-20 01:52:25,965 - INFO - myntra.com: Crawling myntra.com/arrow (Depth: 5/5) (Pages: 62/150)
2024-12-20 01:52:28,218 - INFO - amazon.com: Crawling www.amazon.com/s (Depth: 3/5) (Pages: 55/150)
2024-12-20 01:52:30,061 - WARNING - Timeout while loading https://www2.hm.com/en_in/customer-service/legal-and-privacy/secure-shopping.html, continuing with partial page load
2024-12-20 01:52:32,800 - INFO - myntra.com: Crawling myntra.com/eye-cream (Depth: 5/5) (Pages: 63/150)
2024-12-20 01:52:34,348 - INFO - www2.hm.com: Crawling www2.hm.com/en_in/home/holiday/holiday-shop.html (Depth: 5/5) (Pages: 62/150)
2024-12-20 01:52:41,845 - INFO - www2.hm.com: Crawling www2.hm.com/en_in/productpage.1258344001.html (Depth: 5/5) (Pages: 63/150)
2024-12-20 01:52:48,226 - INFO - www2.hm.com: Crawling www2.hm.com/en_in/women/shoes/boots.html (Depth: 5/5) (Pages: 64/150)
2024-12-20 01:52:55,921 - INFO - www2.hm.com: Crawling www2.hm.com/en_in/women/sport/yoga.html (Depth: 5/5) (Pages: 65/150)
2024-12-20 01:52:58,220 - WARNING - Timeout while loading https://www.amazon.com/s/, continuing with partial page load
2024-12-20 01:53:02,064 - INFO - amazon.com: Crawling www.amazon.com/s/s (Depth: 4/5) (Pages: 56/150)
2024-12-20 01:53:02,801 - WARNING - Timeout while loading https://myntra.com/eye-cream, continuing with partial page load
2024-12-20 01:53:04,211 - INFO - www2.hm.com: Crawling www2.hm.com/en_in/men/sport/view-all.html (Depth: 5/5) (Pages: 66/150)
2024-12-20 01:53:07,272 - INFO - myntra.com: Crawling myntra.com/womens-western-wear (Depth: 5/5) (Pages: 64/150)
2024-12-20 01:53:12,265 - INFO - www2.hm.com: Crawling www2.hm.com/en_in/baby.html (Depth: 5/5) (Pages: 67/150)
2024-12-20 01:53:14,586 - INFO - myntra.com: Crawling myntra.com/casual-shoes/ajanta/ajanta-kids-velcro-school-sneakers/27988624/buy (Depth: 5/5) (Pages: 65/150)
2024-12-20 01:53:19,363 - INFO - www2.hm.com: Crawling www2.hm.com/en_in/men/shop-by-product/basics.html (Depth: 5/5) (Pages: 68/150)
2024-12-20 01:53:22,266 - INFO - myntra.com: Crawling myntra.com/men-thermals (Depth: 5/5) (Pages: 66/150)
2024-12-20 01:53:28,504 - INFO - www2.hm.com: Crawling www2.hm.com/en_in/home/shop-by-room/bathroom.html (Depth: 5/5) (Pages: 69/150)
2024-12-20 01:53:29,265 - INFO - myntra.com: Crawling myntra.com/women-clothing-shapewear (Depth: 5/5) (Pages: 67/150)
2024-12-20 01:53:32,069 - WARNING - Timeout while loading https://www.amazon.com/s/s/, continuing with partial page load
2024-12-20 01:53:37,226 - INFO - amazon.com: Crawling www.amazon.com/s/s/s (Depth: 5/5) (Pages: 57/150)
2024-12-20 01:53:37,530 - INFO - myntra.com: Crawling myntra.com/casual-shoes/liberty/liberty-kids-skolpro-v-solid-velcro-uniform-school-shoes/26219020/buy (Depth: 5/5) (Pages: 68/150)
2024-12-20 01:53:37,643 - INFO - www2.hm.com: Crawling www2.hm.com/en_in/women/new-arrivals/view-all.html (Depth: 5/5) (Pages: 70/150)
2024-12-20 01:53:45,425 - INFO - www2.hm.com: Crawling www2.hm.com/en_in/women/shoes/flats.html (Depth: 5/5) (Pages: 71/150)
2024-12-20 01:53:45,695 - INFO - myntra.com: Crawling myntra.com/women-kurtas-kurtis-suits (Depth: 5/5) (Pages: 69/150)
2024-12-20 01:53:53,026 - INFO - www2.hm.com: Crawling www2.hm.com/en_in/sale/women/jackets-coats.html (Depth: 5/5) (Pages: 72/150)
2024-12-20 01:53:55,899 - INFO - myntra.com: Crawling myntra.com/casual-shoes/liberty/liberty-kids-gola-03l-solid-lace-up-uniform-school-shoes/19437374/buy (Depth: 5/5) (Pages: 70/150)
2024-12-20 01:54:00,578 - INFO - www2.hm.com: Crawling www2.hm.com/en_in/productpage.1226367002.html (Depth: 5/5) (Pages: 73/150)
2024-12-20 01:54:07,228 - WARNING - Timeout while loading https://www.amazon.com/s/s/s/, continuing with partial page load
2024-12-20 01:54:07,668 - INFO - www2.hm.com: Crawling www2.hm.com/en_in/sale/women/jumpsuits.html (Depth: 5/5) (Pages: 74/150)
2024-12-20 01:54:09,265 - INFO - myntra.com: Crawling myntra.com/fusion-wear (Depth: 5/5) (Pages: 71/150)
2024-12-20 01:54:11,449 - INFO - amazon.com: Crawling www.amazon.com/goldbox (Depth: 5/5) (Pages: 58/150)
2024-12-20 01:54:15,561 - INFO - www2.hm.com: Crawling www2.hm.com/en_in/sale/baby/girls.html (Depth: 5/5) (Pages: 75/150)
2024-12-20 01:54:17,568 - INFO - myntra.com: Crawling myntra.com/casual-shoes/bata/bata-men-white-sneakers/18250966/buy (Depth: 5/5) (Pages: 72/150)
2024-12-20 01:54:24,040 - INFO - www2.hm.com: Crawling www2.hm.com/en_in/men/accessories/bags.html (Depth: 5/5) (Pages: 76/150)
2024-12-20 01:54:28,831 - INFO - myntra.com: Crawling myntra.com/rain-jacket (Depth: 5/5) (Pages: 73/150)
2024-12-20 01:54:31,801 - INFO - www2.hm.com: Crawling www2.hm.com/en_in/women/sport/outerwear/jackets.html (Depth: 5/5) (Pages: 77/150)
2024-12-20 01:54:35,714 - INFO - myntra.com: Crawling myntra.com/women-shrugs (Depth: 5/5) (Pages: 74/150)
2024-12-20 01:54:39,739 - INFO - www2.hm.com: Crawling www2.hm.com/en_in/women/new-arrivals/sport.html (Depth: 5/5) (Pages: 78/150)
2024-12-20 01:54:41,464 - WARNING - Timeout while loading https://www.amazon.com/goldbox/, continuing with partial page load
2024-12-20 01:54:42,676 - INFO - myntra.com: Crawling myntra.com/ddecor (Depth: 5/5) (Pages: 75/150)
2024-12-20 01:54:44,890 - INFO - amazon.com: Crawling www.amazon.com/gp/goldbox (Depth: 5/5) (Pages: 59/150)
2024-12-20 01:54:47,220 - INFO - www2.hm.com: Crawling www2.hm.com/en_in/women/sport/new-in.html (Depth: 5/5) (Pages: 79/150)
2024-12-20 01:54:49,614 - INFO - myntra.com: Crawling myntra.com/homepage (Depth: 5/5) (Pages: 76/150)
2024-12-20 01:54:54,630 - INFO - www2.hm.com: Crawling www2.hm.com/en_in/kids/girls-9-14y/view-all1.html (Depth: 5/5) (Pages: 80/150)
2024-12-20 01:54:59,210 - INFO - myntra.com: Crawling myntra.com/men-shorts (Depth: 5/5) (Pages: 77/150)
2024-12-20 01:55:02,528 - INFO - www2.hm.com: Crawling www2.hm.com/en_in/women/sport/running.html (Depth: 5/5) (Pages: 81/150)
2024-12-20 01:55:06,365 - INFO - myntra.com: Crawling myntra.com/fastrack-watches (Depth: 5/5) (Pages: 78/150)
2024-12-20 01:55:10,197 - INFO - www2.hm.com: Crawling www2.hm.com/en_in/sale/men/shorts.html (Depth: 5/5) (Pages: 82/150)
2024-12-20 01:55:13,241 - INFO - myntra.com: Crawling myntra.com/women-boots-menu (Depth: 5/5) (Pages: 79/150)
2024-12-20 01:55:14,892 - WARNING - Timeout while loading https://www.amazon.com/gp/goldbox/, continuing with partial page load
2024-12-20 01:55:18,342 - INFO - amazon.com: Crawling amazon.com/gp/yourstore (Depth: 1/5) (Pages: 60/150)
2024-12-20 01:55:18,780 - INFO - www2.hm.com: Crawling www2.hm.com/en_in/men/shoes/slippers.html (Depth: 5/5) (Pages: 83/150)
2024-12-20 01:55:20,344 - INFO - myntra.com: Crawling myntra.com/casual-shoes/liberty/liberty-kids-velcro-school-shoes-/18935988/buy (Depth: 5/5) (Pages: 80/150)
2024-12-20 01:55:25,803 - INFO - www2.hm.com: Crawling www2.hm.com/en_in/sale/shop-by-product-home/bathroom.html (Depth: 5/5) (Pages: 84/150)
2024-12-20 01:55:28,006 - INFO - myntra.com: Crawling myntra.com/kids-accessories (Depth: 5/5) (Pages: 81/150)
2024-12-20 01:55:33,585 - INFO - www2.hm.com: Crawling www2.hm.com/en_in/women/seasonal-trending/trending-now.html (Depth: 5/5) (Pages: 85/150)
2024-12-20 01:55:35,537 - INFO - myntra.com: Crawling myntra.com/kids-nightwear (Depth: 5/5) (Pages: 82/150)
2024-12-20 01:55:40,571 - INFO - www2.hm.com: Crawling www2.hm.com/en_in/women/shop-by-product/cardigans-jumpers.html (Depth: 5/5) (Pages: 86/150)
2024-12-20 01:55:42,298 - INFO - myntra.com: Crawling myntra.com/men-boxers (Depth: 5/5) (Pages: 83/150)
2024-12-20 01:55:48,419 - WARNING - Timeout while loading https://amazon.com/gp/yourstore, continuing with partial page load
2024-12-20 01:55:50,119 - INFO - myntra.com: Crawling myntra.com/women-perfumes (Depth: 5/5) (Pages: 84/150)
2024-12-20 01:55:50,822 - INFO - www2.hm.com: Crawling www2.hm.com/en_in/home/shop-by-product/kids-baby.html (Depth: 5/5) (Pages: 87/150)
2024-12-20 01:55:51,771 - INFO - amazon.com: Crawling amazon.com/gp/history (Depth: 2/5) (Pages: 61/150)
2024-12-20 01:55:57,458 - INFO - myntra.com: Crawling myntra.com/casual-shoes/liberty/liberty-kids-gola-schv-textured-velcro-uniform-school-shoes/26219078/buy (Depth: 5/5) (Pages: 85/150)
2024-12-20 01:55:58,590 - INFO - amazon.com: Crawling amazon.com/b (Depth: 3/5) (Pages: 62/150)
2024-12-20 01:55:59,658 - INFO - www2.hm.com: Crawling www2.hm.com/en_in/women/shop-by-product/jeans.html (Depth: 5/5) (Pages: 88/150)
2024-12-20 01:56:03,168 - INFO - amazon.com: Crawling amazon.com/dogsofamazon (Depth: 4/5) (Pages: 63/150)
2024-12-20 01:56:05,153 - INFO - myntra.com: Crawling myntra.com/supra (Depth: 5/5) (Pages: 86/150)
2024-12-20 01:56:07,298 - INFO - www2.hm.com: Crawling www2.hm.com/en_in/sale/women/sportswear.html (Depth: 5/5) (Pages: 89/150)
2024-12-20 01:56:11,849 - INFO - myntra.com: Crawling myntra.com/puma (Depth: 5/5) (Pages: 87/150)
2024-12-20 01:56:15,148 - INFO - www2.hm.com: Crawling www2.hm.com/en_in/kids/girls-9-14y/accessories.html (Depth: 5/5) (Pages: 90/150)
2024-12-20 01:56:18,848 - INFO - myntra.com: Crawling myntra.com/bed-covers (Depth: 5/5) (Pages: 88/150)
2024-12-20 01:56:23,681 - INFO - www2.hm.com: Crawling www2.hm.com/en_in/women/sport/skiwear.html (Depth: 5/5) (Pages: 91/150)
2024-12-20 01:56:26,579 - INFO - myntra.com: Crawling myntra.com/epilator (Depth: 5/5) (Pages: 89/150)
2024-12-20 01:56:30,923 - INFO - www2.hm.com: Crawling www2.hm.com/en_in/kids/boys/accessories.html (Depth: 5/5) (Pages: 92/150)
2024-12-20 01:56:33,170 - WARNING - Timeout while loading https://amazon.com/dogsofamazon, continuing with partial page load
2024-12-20 01:56:33,771 - INFO - myntra.com: Crawling myntra.com/serum (Depth: 5/5) (Pages: 90/150)
2024-12-20 01:56:36,518 - INFO - amazon.com: Crawling amazon.com/news/retail (Depth: 5/5) (Pages: 64/150)
2024-12-20 01:56:38,559 - INFO - www2.hm.com: Crawling www2.hm.com/en_in/sale/men/accessories.html (Depth: 5/5) (Pages: 93/150)
2024-12-20 01:56:40,753 - INFO - myntra.com: Crawling myntra.com/flooring (Depth: 5/5) (Pages: 91/150)
2024-12-20 01:56:41,012 - INFO - amazon.com: Crawling amazon.com/news/small business (Depth: 5/5) (Pages: 65/150)
2024-12-20 01:56:45,325 - INFO - amazon.com: Crawling amazon.com/news/aws (Depth: 5/5) (Pages: 66/150)
2024-12-20 01:56:45,514 - INFO - www2.hm.com: Crawling www2.hm.com/en_in/sale/men/basics.html (Depth: 5/5) (Pages: 94/150)
2024-12-20 01:56:48,379 - INFO - myntra.com: Crawling myntra.com/perfumes (Depth: 5/5) (Pages: 92/150)
2024-12-20 01:56:49,674 - INFO - amazon.com: Crawling amazon.com/news/entertainment (Depth: 5/5) (Pages: 67/150)
2024-12-20 01:56:53,498 - INFO - www2.hm.com: Crawling www2.hm.com/en_in/sale/sport/view-all.html (Depth: 5/5) (Pages: 95/150)
2024-12-20 01:56:54,419 - INFO - amazon.com: Crawling amazon.com/news/community (Depth: 5/5) (Pages: 68/150)
2024-12-20 01:56:55,501 - INFO - myntra.com: Crawling myntra.com/men-footwear (Depth: 5/5) (Pages: 93/150)
2024-12-20 01:56:58,780 - INFO - amazon.com: Crawling amazon.com/more-from-amazon (Depth: 5/5) (Pages: 69/150)
2024-12-20 01:57:02,991 - INFO - myntra.com: Crawling myntra.com/casual-shoes/liberty/liberty-kids-lightweight-velcro-school-sneakers/26219018/buy (Depth: 5/5) (Pages: 94/150)
2024-12-20 01:57:03,087 - INFO - amazon.com: Crawling amazon.com/news/workplace (Depth: 5/5) (Pages: 70/150)
2024-12-20 01:57:06,064 - INFO - www2.hm.com: Crawling www2.hm.com/en_in/sale/men/t-shirts-tank-tops.html (Depth: 5/5) (Pages: 96/150)
2024-12-20 01:57:07,449 - INFO - amazon.com: Crawling amazon.com/gp/digital/fiona/manage (Depth: 3/5) (Pages: 71/150)
2024-12-20 01:57:13,286 - INFO - myntra.com: Crawling myntra.com/m.a.c (Depth: 5/5) (Pages: 95/150)
2024-12-20 01:57:13,792 - INFO - amazon.com: Crawling amazon.com/gp/help/customer/display.html/ref=ap_desktop_footer_cou (Depth: 4/5) (Pages: 72/150)
2024-12-20 01:57:14,061 - INFO - www2.hm.com: Crawling www2.hm.com/en_in/home/shop-by-product/bed-linen.html (Depth: 5/5) (Pages: 97/150)
2024-12-20 01:57:19,978 - INFO - amazon.com: Crawling amazon.com/gp/subscribe-and-save/manager/viewsubscriptions (Depth: 5/5) (Pages: 73/150)
2024-12-20 01:57:20,198 - INFO - myntra.com: Crawling myntra.com/ceilinglamp (Depth: 5/5) (Pages: 96/150)
2024-12-20 01:57:22,434 - INFO - www2.hm.com: Crawling www2.hm.com/en_in/men/sport/running.html (Depth: 5/5) (Pages: 98/150)
2024-12-20 01:57:26,173 - INFO - amazon.com: Crawling amazon.com/gp/help/customer/accessibility (Depth: 5/5) (Pages: 74/150)
2024-12-20 01:57:27,093 - INFO - myntra.com: Crawling myntra.com/men-sports-wear (Depth: 5/5) (Pages: 97/150)
2024-12-20 01:57:30,205 - INFO - www2.hm.com: Crawling www2.hm.com/en_in/sale/kids/girls-9-14y.html (Depth: 5/5) (Pages: 99/150)
2024-12-20 01:57:31,245 - INFO - amazon.com: Crawling amazon.com/gp/kindle/ku/ku_central (Depth: 5/5) (Pages: 75/150)
2024-12-20 01:57:34,361 - INFO - myntra.com: Crawling myntra.com/women-jewellery (Depth: 5/5) (Pages: 98/150)
2024-12-20 01:57:37,162 - INFO - amazon.com: Crawling amazon.com/hz/contact-us/foresight/hubgateway (Depth: 5/5) (Pages: 76/150)
2024-12-20 01:57:38,231 - INFO - www2.hm.com: Crawling www2.hm.com/en_in/sale/women/maternity-wear.html (Depth: 5/5) (Pages: 100/150)
2024-12-20 01:57:41,348 - INFO - myntra.com: Crawling myntra.com/termsofuse (Depth: 5/5) (Pages: 99/150)
2024-12-20 01:57:43,288 - INFO - amazon.com: Crawling amazon.com/gp/help/customer/display.html (Depth: 5/5) (Pages: 77/150)
2024-12-20 01:57:46,325 - INFO - www2.hm.com: Crawling www2.hm.com/en_in/women/sport/shorts.html (Depth: 5/5) (Pages: 101/150)
2024-12-20 01:57:47,980 - INFO - myntra.com: Crawling myntra.com/cortina (Depth: 5/5) (Pages: 100/150)
2024-12-20 01:57:49,891 - INFO - amazon.com: Crawling amazon.com/ref=nav_logo (Depth: 5/5) (Pages: 78/150)
2024-12-20 01:57:55,544 - INFO - www2.hm.com: Crawling www2.hm.com/en_in/kids/boys-9-14y/accessories.html (Depth: 5/5) (Pages: 102/150)
2024-12-20 01:57:55,751 - INFO - myntra.com: Crawling myntra.com/hair-serum (Depth: 5/5) (Pages: 101/150)
2024-12-20 01:58:03,126 - INFO - www2.hm.com: Crawling www2.hm.com/en_in/sale/women/premium-selection.html (Depth: 5/5) (Pages: 103/150)
2024-12-20 01:58:10,923 - INFO - www2.hm.com: Crawling www2.hm.com/en_in/kids/girls/clothing.html (Depth: 5/5) (Pages: 104/150)
2024-12-20 01:58:18,248 - INFO - www2.hm.com: Crawling www2.hm.com/en_in/sale/men/socks.html (Depth: 5/5) (Pages: 105/150)
2024-12-20 01:58:19,898 - WARNING - Timeout while loading https://amazon.com/ref=nav_logo, continuing with partial page load
2024-12-20 01:58:23,928 - INFO - amazon.com: Crawling amazon.com/gift-cards/b (Depth: 5/5) (Pages: 79/150)
2024-12-20 01:58:25,753 - WARNING - Timeout while loading https://myntra.com/hair-serum, continuing with partial page load
2024-12-20 01:58:26,396 - INFO - www2.hm.com: Crawling www2.hm.com/en_in/kids.html (Depth: 5/5) (Pages: 106/150)
2024-12-20 01:58:28,255 - INFO - amazon.com: Crawling amazon.com/hz5/yourmembershipsandsubscriptions (Depth: 5/5) (Pages: 80/150)
2024-12-20 01:58:30,192 - INFO - myntra.com: Crawling myntra.com/men-swimwear (Depth: 5/5) (Pages: 102/150)
2024-12-20 01:58:33,221 - INFO - www2.hm.com: Crawling www2.hm.com/en_in/women/sport/dresses.html (Depth: 5/5) (Pages: 107/150)
2024-12-20 01:58:33,343 - INFO - amazon.com: Crawling amazon.com/gp/video/library (Depth: 5/5) (Pages: 81/150)
2024-12-20 01:58:37,140 - INFO - myntra.com: Crawling myntra.com/my/orders (Depth: 5/5) (Pages: 103/150)
2024-12-20 01:58:40,064 - INFO - amazon.com: Crawling amazon.com/gp/cart/view.html (Depth: 5/5) (Pages: 82/150)
2024-12-20 01:58:42,160 - INFO - www2.hm.com: Crawling www2.hm.com/en_in/women/shoes/heels.html (Depth: 5/5) (Pages: 108/150)
2024-12-20 01:58:44,270 - INFO - myntra.com: Crawling myntra.com/lotus-herbals (Depth: 5/5) (Pages: 104/150)
2024-12-20 01:58:46,823 - INFO - amazon.com: Crawling amazon.com/gp/css/homepage.html (Depth: 5/5) (Pages: 83/150)
2024-12-20 01:58:49,407 - INFO - www2.hm.com: Crawling www2.hm.com/en_in/women/shop-by-product/jackets-coats.html (Depth: 5/5) (Pages: 109/150)
2024-12-20 01:58:50,996 - INFO - myntra.com: Crawling myntra.com/skirts-palazzos (Depth: 5/5) (Pages: 105/150)
2024-12-20 01:58:53,054 - INFO - amazon.com: Crawling amazon.com/services (Depth: 5/5) (Pages: 84/150)
2024-12-20 01:58:57,298 - INFO - www2.hm.com: Crawling www2.hm.com/en_in/baby/newborn/accessories.html (Depth: 5/5) (Pages: 110/150)
2024-12-20 01:58:57,983 - INFO - myntra.com: Crawling myntra.com/casual-shoes/liberty/liberty-kids-skolpro-v-solid-velcro-uniform-school-shoes/27245204/buy (Depth: 5/5) (Pages: 106/150)
2024-12-20 01:58:59,459 - INFO - amazon.com: Crawling amazon.com/customer-preferences/edit (Depth: 5/5) (Pages: 85/150)
2024-12-20 01:59:04,821 - INFO - www2.hm.com: Crawling www2.hm.com/en_in/sale/kids/ink-summersalebaby.html (Depth: 5/5) (Pages: 111/150)
2024-12-20 01:59:05,384 - INFO - myntra.com: Crawling myntra.com/casual-shoes/liberty/liberty-unisex-lightweight-sneakers/26974528/buy (Depth: 5/5) (Pages: 107/150)
2024-12-20 01:59:06,566 - INFO - amazon.com: Crawling amazon.com/hz/mycd/myx (Depth: 5/5) (Pages: 86/150)
2024-12-20 01:59:11,633 - INFO - amazon.com: Crawling amazon.com/gp/goldbox (Depth: 5/5) (Pages: 87/150)
2024-12-20 01:59:12,426 - INFO - myntra.com: Crawling myntra.com/mens-shorts (Depth: 5/5) (Pages: 108/150)
2024-12-20 01:59:15,677 - INFO - www2.hm.com: Crawling www2.hm.com/en_in/women/accessories/gloves.html (Depth: 5/5) (Pages: 112/150)
2024-12-20 01:59:19,645 - INFO - myntra.com: Crawling myntra.com/home-furnishing (Depth: 5/5) (Pages: 109/150)
2024-12-20 01:59:23,004 - INFO - www2.hm.com: Crawling www2.hm.com/en_in/home/shop-by-product/home-fragrance.html (Depth: 5/5) (Pages: 113/150)
2024-12-20 01:59:26,763 - INFO - myntra.com: Crawling myntra.com/fila (Depth: 5/5) (Pages: 110/150)
2024-12-20 01:59:31,424 - INFO - www2.hm.com: Crawling www2.hm.com/en_in/sale/kids/girls.html (Depth: 5/5) (Pages: 114/150)
2024-12-20 01:59:34,157 - INFO - myntra.com: Crawling myntra.com/home-furnishing-menu (Depth: 5/5) (Pages: 111/150)
2024-12-20 01:59:39,749 - INFO - www2.hm.com: Crawling www2.hm.com/en_in/sale/women/socks-tights.html (Depth: 5/5) (Pages: 115/150)
2024-12-20 01:59:41,635 - WARNING - Timeout while loading https://amazon.com/gp/goldbox, continuing with partial page load
2024-12-20 01:59:41,972 - INFO - myntra.com: Crawling myntra.com/casual-shoes/liberty/liberty-unisex-kids-black-sneakers/20761208/buy (Depth: 5/5) (Pages: 112/150)
2024-12-20 01:59:45,239 - INFO - amazon.com: Crawling amazon.com/customer-preferences/country (Depth: 5/5) (Pages: 88/150)
2024-12-20 01:59:46,847 - INFO - www2.hm.com: Crawling www2.hm.com/en_in/sale/men/jackets-coats.html (Depth: 5/5) (Pages: 116/150)
2024-12-20 01:59:49,230 - INFO - myntra.com: Crawling myntra.com/casual-shoes/liberty/liberty-kids-gola-schv-textured-velcro-uniform-school-shoes/22421464/buy (Depth: 5/5) (Pages: 113/150)
2024-12-20 01:59:51,459 - INFO - amazon.com: Crawling amazon.com/hz/wishlist/ls (Depth: 5/5) (Pages: 89/150)
2024-12-20 01:59:54,126 - INFO - www2.hm.com: Crawling www2.hm.com/en_in/customer-service/legal-and-privacy/cookie-notice.html (Depth: 5/5) (Pages: 117/150)
2024-12-20 01:59:56,876 - INFO - myntra.com: Crawling myntra.com/men-sneakers (Depth: 5/5) (Pages: 114/150)
2024-12-20 01:59:58,723 - INFO - amazon.com: Crawling amazon.com/gp/css/order-history (Depth: 5/5) (Pages: 90/150)
2024-12-20 02:00:03,876 - INFO - amazon.com: Crawling amazon.com/business (Depth: 5/5) (Pages: 91/150)
2024-12-20 02:00:04,116 - INFO - myntra.com: Crawling myntra.com/casual-shoes/liberty/liberty-kids-velcro-school-shoes-/18935892/buy (Depth: 5/5) (Pages: 115/150)
2024-12-20 02:00:07,704 - INFO - www2.hm.com: Crawling www2.hm.com/en_in/baby/seasonal-trending/inbaby-01.html (Depth: 5/5) (Pages: 118/150)
2024-12-20 02:00:09,868 - INFO - amazon.com: Crawling amazon.com/privacyprefs (Depth: 5/5) (Pages: 92/150)
2024-12-20 02:00:11,701 - INFO - myntra.com: Crawling myntra.com/hair-cream (Depth: 5/5) (Pages: 116/150)
2024-12-20 02:00:15,735 - INFO - www2.hm.com: Crawling www2.hm.com/en_in/productpage.1226371003.html (Depth: 5/5) (Pages: 119/150)
2024-12-20 02:00:15,980 - INFO - amazon.com: Crawling amazon.com/gp/seller-account/mm-summary-page.html (Depth: 5/5) (Pages: 93/150)
2024-12-20 02:00:19,676 - INFO - myntra.com: Crawling myntra.com/casual-shoes/liberty/liberty-unisex-kids-white-sneakers/20761202/buy (Depth: 5/5) (Pages: 117/150)
2024-12-20 02:00:22,779 - INFO - www2.hm.com: Crawling www2.hm.com/en_in/women/shoes/slippers.html (Depth: 5/5) (Pages: 120/150)
2024-12-20 02:00:27,141 - INFO - myntra.com: Crawling myntra.com/clocks (Depth: 5/5) (Pages: 118/150)
2024-12-20 02:00:30,297 - INFO - amazon.com: Crawling amazon.com/gp/video/watchlist (Depth: 5/5) (Pages: 94/150)
2024-12-20 02:00:30,584 - INFO - www2.hm.com: Crawling www2.hm.com/en_in/men/accessories/view-all.html (Depth: 5/5) (Pages: 121/150)
2024-12-20 02:00:34,365 - INFO - myntra.com: Crawling myntra.com/handbags-and-bags (Depth: 5/5) (Pages: 119/150)
2024-12-20 02:00:35,795 - INFO - amazon.com: Crawling amazon.com/gp/browse.html (Depth: 5/5) (Pages: 95/150)
2024-12-20 02:00:37,689 - INFO - www2.hm.com: Crawling www2.hm.com/en_in/women/shop-by-product/skirts.html (Depth: 5/5) (Pages: 122/150)
2024-12-20 02:00:40,126 - INFO - amazon.com: Crawling amazon.com/gp/css/returns/homepage.html (Depth: 5/5) (Pages: 96/150)
2024-12-20 02:00:41,402 - INFO - myntra.com: Crawling myntra.com/lee-cooper-shoes (Depth: 5/5) (Pages: 120/150)
2024-12-20 02:00:44,985 - INFO - www2.hm.com: Crawling www2.hm.com/en_in/productpage.1243210008.html (Depth: 5/5) (Pages: 123/150)
2024-12-20 02:00:45,910 - INFO - amazon.com: Crawling amazon.com/registries (Depth: 5/5) (Pages: 97/150)
2024-12-20 02:00:48,564 - INFO - myntra.com: Crawling myntra.com/casual-shoes/liberty/liberty-boys-lace-up-school-sneakers/19389758/buy (Depth: 5/5) (Pages: 121/150)
2024-12-20 02:00:52,454 - INFO - www2.hm.com: Crawling www2.hm.com/en_in/sale/women/view-all.html (Depth: 5/5) (Pages: 124/150)
2024-12-20 02:00:53,479 - INFO - amazon.com: Crawling amazon.com/ref=ap_frn_logo (Depth: 4/5) (Pages: 98/150)
2024-12-20 02:01:00,207 - INFO - www2.hm.com: Crawling www2.hm.com/en_in/men/sport/gym.html (Depth: 5/5) (Pages: 125/150)
2024-12-20 02:01:01,815 - INFO - myntra.com: Crawling myntra.com/men-accessories (Depth: 5/5) (Pages: 122/150)
2024-12-20 02:01:09,403 - INFO - www2.hm.com: Crawling www2.hm.com/en_in/baby/seasonal-trending/adorables.html (Depth: 5/5) (Pages: 126/150)
2024-12-20 02:01:09,593 - INFO - myntra.com: Crawling myntra.com/men-gloves-mufflers-scarves (Depth: 5/5) (Pages: 123/150)
2024-12-20 02:01:17,865 - INFO - myntra.com: Crawling myntra.com/bakeware-cookware (Depth: 5/5) (Pages: 124/150)
2024-12-20 02:01:18,132 - INFO - www2.hm.com: Crawling www2.hm.com/en_in/sale/women/cardigans-jumpers.html (Depth: 5/5) (Pages: 127/150)
2024-12-20 02:01:23,484 - WARNING - Timeout while loading https://amazon.com/ref=ap_frn_logo, continuing with partial page load
2024-12-20 02:01:25,605 - INFO - myntra.com: Crawling myntra.com/home-centre (Depth: 5/5) (Pages: 125/150)
2024-12-20 02:01:26,197 - INFO - www2.hm.com: Crawling www2.hm.com/en_in/kids/girls/accessories.html (Depth: 5/5) (Pages: 128/150)
2024-12-20 02:01:27,990 - INFO - amazon.com: Crawling amazon.com/goldbox (Depth: 5/5) (Pages: 99/150)
2024-12-20 02:01:33,007 - INFO - myntra.com: Crawling myntra.com/flip-flops (Depth: 5/5) (Pages: 126/150)
2024-12-20 02:01:34,339 - INFO - www2.hm.com: Crawling www2.hm.com/en_in/men/accessories/ties-bow-tie-handkerchiefs.html (Depth: 5/5) (Pages: 129/150)
2024-12-20 02:01:40,422 - INFO - myntra.com: Crawling myntra.com/sherwani (Depth: 5/5) (Pages: 127/150)
2024-12-20 02:01:42,588 - INFO - www2.hm.com: Crawling www2.hm.com/en_in/customer-service/newsletter.html (Depth: 5/5) (Pages: 130/150)
2024-12-20 02:01:47,899 - INFO - myntra.com: Crawling myntra.com/adidas-tshirts (Depth: 5/5) (Pages: 128/150)
2024-12-20 02:01:49,897 - INFO - www2.hm.com: Crawling www2.hm.com/en_in/sale/women/nightwear.html (Depth: 5/5) (Pages: 131/150)
2024-12-20 02:01:55,333 - INFO - myntra.com: Crawling myntra.com/makeup-kit (Depth: 5/5) (Pages: 129/150)
2024-12-20 02:01:57,992 - WARNING - Timeout while loading https://amazon.com/goldbox/, continuing with partial page load
2024-12-20 02:01:58,655 - INFO - www2.hm.com: Crawling www2.hm.com/en_in/men/accessories/scarves.html (Depth: 5/5) (Pages: 132/150)
2024-12-20 02:02:01,696 - INFO - amazon.com: Crawling amazon.com/s (Depth: 5/5) (Pages: 100/150)
2024-12-20 02:02:06,130 - INFO - www2.hm.com: Crawling www2.hm.com/en_in/men/accessories/sunglasses.html (Depth: 5/5) (Pages: 133/150)
2024-12-20 02:02:13,012 - INFO - www2.hm.com: Crawling www2.hm.com/en_in/kids/seasonal-trending/adorables.html (Depth: 5/5) (Pages: 134/150)
2024-12-20 02:02:19,620 - INFO - www2.hm.com: Crawling www2.hm.com/en_in/women/shop-by-product/trousers.html (Depth: 5/5) (Pages: 135/150)
2024-12-20 02:02:25,336 - WARNING - Timeout while loading https://myntra.com/makeup-kit, continuing with partial page load
2024-12-20 02:02:28,104 - INFO - www2.hm.com: Crawling www2.hm.com/en_in/men/shop-by-product/jackets-coats.html (Depth: 5/5) (Pages: 136/150)
2024-12-20 02:02:30,155 - INFO - myntra.com: Crawling myntra.com/kurtas (Depth: 5/5) (Pages: 130/150)
2024-12-20 02:02:31,714 - WARNING - Timeout while loading https://amazon.com/s/, continuing with partial page load
2024-12-20 02:02:36,585 - INFO - amazon.com: Crawling amazon.com/gp/redirect.html (Depth: 5/5) (Pages: 101/150)
2024-12-20 02:02:37,045 - INFO - www2.hm.com: Crawling www2.hm.com/en_in/productpage.1243210007.html (Depth: 5/5) (Pages: 137/150)
2024-12-20 02:02:41,021 - INFO - amazon.com: Crawling amazon.com/gp/goldbox (Depth: 5/5) (Pages: 102/150)
2024-12-20 02:02:44,211 - INFO - www2.hm.com: Crawling www2.hm.com/en_in/kids/girls/h-m-adorables.html (Depth: 5/5) (Pages: 138/150)
2024-12-20 02:02:51,196 - INFO - www2.hm.com: Crawling www2.hm.com/en_in/women/shop-by-product/tops.html (Depth: 5/5) (Pages: 139/150)
2024-12-20 02:02:59,923 - INFO - www2.hm.com: Crawling www2.hm.com/en_in/women/sport/outerwear/skiwear.html (Depth: 5/5) (Pages: 140/150)
2024-12-20 02:03:00,161 - WARNING - Timeout while loading https://myntra.com/kurtas, continuing with partial page load
2024-12-20 02:03:04,357 - INFO - myntra.com: Crawling myntra.com/men-jewellery (Depth: 5/5) (Pages: 131/150)
2024-12-20 02:03:07,750 - INFO - www2.hm.com: Crawling www2.hm.com/en_in/women/shop-by-product/dresses.html (Depth: 5/5) (Pages: 141/150)
2024-12-20 02:03:11,024 - WARNING - Timeout while loading https://amazon.com/gp/goldbox/, continuing with partial page load
2024-12-20 02:03:11,694 - INFO - myntra.com: Crawling myntra.com/skechers (Depth: 5/5) (Pages: 132/150)
2024-12-20 02:03:14,460 - INFO - amazon.com: Crawling www.amazon.com/ap/forgotpassword (Depth: 4/5) (Pages: 103/150)
2024-12-20 02:03:15,422 - INFO - www2.hm.com: Crawling www2.hm.com/en_in/women/shop-by-product/lingerie.html (Depth: 5/5) (Pages: 142/150)
2024-12-20 02:03:18,594 - INFO - myntra.com: Crawling myntra.com/men-suits (Depth: 5/5) (Pages: 133/150)
2024-12-20 02:03:19,635 - INFO - amazon.com: Crawling amazon.com/help (Depth: 4/5) (Pages: 104/150)
2024-12-20 02:03:22,836 - INFO - www2.hm.com: Crawling www2.hm.com/en_in/men/shop-by-product/jeans.html (Depth: 5/5) (Pages: 143/150)
2024-12-20 02:03:25,523 - INFO - myntra.com: Crawling myntra.com/studio/home (Depth: 5/5) (Pages: 134/150)
2024-12-20 02:03:26,900 - INFO - amazon.com: Crawling amazon.com/gp/help/customer/display.html/ref=ap_signin_notification_privacy_notice (Depth: 4/5) (Pages: 105/150)
2024-12-20 02:03:30,566 - INFO - www2.hm.com: Crawling www2.hm.com/en_in/sale/shop-by-product-home/view-all.html (Depth: 5/5) (Pages: 144/150)
2024-12-20 02:03:31,518 - INFO - myntra.com: Crawling myntra.com/backpacks (Depth: 5/5) (Pages: 135/150)
2024-12-20 02:03:33,210 - INFO - amazon.com: Crawling amazon.com/gp/help/customer/display.html/ref=ap_cookie_error_help (Depth: 4/5) (Pages: 106/150)
2024-12-20 02:03:37,923 - INFO - www2.hm.com: Crawling www2.hm.com/en_in/men/shop-by-product/socks.html (Depth: 5/5) (Pages: 145/150)
2024-12-20 02:03:39,942 - INFO - amazon.com: Crawling www.amazon.com/business/register/welcome (Depth: 4/5) (Pages: 107/150)
2024-12-20 02:03:45,576 - INFO - myntra.com: Crawling myntra.com/men-trackpants (Depth: 5/5) (Pages: 136/150)
2024-12-20 02:03:45,719 - INFO - www2.hm.com: Crawling www2.hm.com/en_in/men/shop-by-product/view-all.html (Depth: 5/5) (Pages: 146/150)
2024-12-20 02:03:47,205 - INFO - amazon.com: Crawling www.amazon.com/business/register/org/landing (Depth: 5/5) (Pages: 108/150)
2024-12-20 02:03:51,969 - INFO - amazon.com: Crawling www.amazon.com/gp/help/customer/contact-us (Depth: 5/5) (Pages: 109/150)
2024-12-20 02:03:53,143 - INFO - myntra.com: Crawling myntra.com/kama-ayurveda (Depth: 5/5) (Pages: 137/150)
2024-12-20 02:03:54,464 - INFO - www2.hm.com: Crawling www2.hm.com/en_in/home/shop-by-room/bedroom.html (Depth: 5/5) (Pages: 147/150)
2024-12-20 02:03:57,869 - INFO - amazon.com: Crawling www.amazon.com/gp/help/customer/display.html/ref=ap_cookie_error_help (Depth: 5/5) (Pages: 110/150)
2024-12-20 02:03:59,882 - INFO - myntra.com: Crawling myntra.com/casual-shoes/liberty/liberty-kids-skolpro-l-solid-lace-up-uniform-school-shoes/22421470/buy (Depth: 5/5) (Pages: 138/150)
2024-12-20 02:04:01,792 - INFO - amazon.com: Crawling www.amazon.com/business/register/terms-and-conditions (Depth: 5/5) (Pages: 111/150)
2024-12-20 02:04:02,475 - INFO - www2.hm.com: Crawling www2.hm.com/en_in/men/sport/tops.html (Depth: 5/5) (Pages: 148/150)
2024-12-20 02:04:06,883 - INFO - myntra.com: Crawling myntra.com/shampoo (Depth: 5/5) (Pages: 139/150)
2024-12-20 02:04:07,010 - INFO - amazon.com: Crawling www.amazon.com/gp/help/customer/display.html/ref=ap_footer_privacy_notice (Depth: 5/5) (Pages: 112/150)
2024-12-20 02:04:10,570 - INFO - www2.hm.com: Crawling www2.hm.com/en_in/productpage.1243210005.html (Depth: 5/5) (Pages: 149/150)
2024-12-20 02:04:13,052 - INFO - amazon.com: Crawling www.amazon.com/gp/help/customer/display.html/ref=ap_footer_condition_of_use (Depth: 5/5) (Pages: 113/150)
2024-12-20 02:04:13,840 - INFO - myntra.com: Crawling myntra.com/fountains (Depth: 5/5) (Pages: 140/150)
2024-12-20 02:04:17,080 - INFO - amazon.com: Crawling amazon.com/gp/help/customer/display.html/ref=ap_desktop_footer_privacy_notice (Depth: 4/5) (Pages: 114/150)
2024-12-20 02:04:17,333 - INFO - www2.hm.com: Crawling www2.hm.com/en_in/women/shop-by-product/swimwear.html (Depth: 5/5) (Pages: 150/150)
2024-12-20 02:04:22,442 - INFO - myntra.com: Crawling myntra.com/baby-care (Depth: 5/5) (Pages: 141/150)
2024-12-20 02:04:23,920 - INFO - amazon.com: Crawling amazon.com/gp/help/customer/display.html/ref=ap_signin_notification_condition_of_use (Depth: 4/5) (Pages: 115/150)
2024-12-20 02:04:24,971 - INFO - www2.hm.com: Reached maximum pages limit (150)
2024-12-20 02:04:24,972 - INFO - www2.hm.com: Reached maximum pages limit (150)
2024-12-20 02:04:24,972 - INFO - www2.hm.com: Reached maximum pages limit (150)
2024-12-20 02:04:24,972 - INFO - www2.hm.com: Reached maximum pages limit (150)
2024-12-20 02:04:24,972 - INFO - www2.hm.com: Reached maximum pages limit (150)
2024-12-20 02:04:24,972 - INFO - 
Domain www2.hm.com crawl completed:
2024-12-20 02:04:24,972 - INFO - - Final pages crawled: 150 out of 150 maximum
2024-12-20 02:04:24,972 - INFO - - Product URLs found: 12

2024-12-20 02:04:29,337 - INFO - myntra.com: Crawling myntra.com/women-sports-equipments (Depth: 5/5) (Pages: 142/150)
2024-12-20 02:04:30,519 - INFO - amazon.com: Crawling amazon.com/gp/help/customer/account-issues/ref=ap_login_with_otp_claim_collection (Depth: 4/5) (Pages: 116/150)
2024-12-20 02:04:36,010 - INFO - myntra.com: Crawling myntra.com/bedsheets (Depth: 5/5) (Pages: 143/150)
2024-12-20 02:04:37,428 - INFO - amazon.com: Crawling amazon.com/gp/history (Depth: 3/5) (Pages: 117/150)
2024-12-20 02:04:43,007 - INFO - myntra.com: Crawling myntra.com/foundation (Depth: 5/5) (Pages: 144/150)
2024-12-20 02:04:44,214 - INFO - amazon.com: Crawling amazon.com/gp/yourstore/iyr (Depth: 4/5) (Pages: 118/150)
2024-12-20 02:04:49,627 - INFO - amazon.com: Crawling amazon.com/gp/pdp/profile (Depth: 4/5) (Pages: 119/150)
2024-12-20 02:04:49,977 - INFO - myntra.com: Crawling myntra.com/grievanceredressal (Depth: 5/5) (Pages: 145/150)
2024-12-20 02:04:56,359 - INFO - amazon.com: Crawling amazon.com/gp/help/customer/display.html (Depth: 4/5) (Pages: 120/150)
2024-12-20 02:04:56,680 - INFO - myntra.com: Crawling myntra.com/bath-robes (Depth: 5/5) (Pages: 146/150)
2024-12-20 02:05:02,490 - INFO - amazon.com: Crawling amazon.com/gp/yourstore/recs (Depth: 4/5) (Pages: 121/150)
2024-12-20 02:05:04,160 - INFO - myntra.com: Crawling myntra.com/hand-towels (Depth: 5/5) (Pages: 147/150)
2024-12-20 02:05:11,779 - INFO - amazon.com: Crawling amazon.com/gp/yourstore/home (Depth: 5/5) (Pages: 122/150)
2024-12-20 02:05:12,130 - INFO - myntra.com: Crawling myntra.com/bags (Depth: 5/5) (Pages: 148/150)
2024-12-20 02:05:18,874 - INFO - myntra.com: Crawling myntra.com/men-nightwear (Depth: 5/5) (Pages: 149/150)
2024-12-20 02:05:20,994 - INFO - 
Domain amazon.com crawl completed:
2024-12-20 02:05:20,994 - INFO - - Final pages crawled: 122 out of 150 maximum
2024-12-20 02:05:20,994 - INFO - - Product URLs found: 492

2024-12-20 02:05:25,689 - INFO - myntra.com: Crawling myntra.com/casual-shoes/liberty/liberty-boys-white-mid-top-ankle-sneakers-casual-shoes/19389734/buy (Depth: 5/5) (Pages: 150/150)
2024-12-20 02:05:32,724 - INFO - myntra.com: Reached maximum pages limit (150)
2024-12-20 02:05:32,724 - INFO - myntra.com: Reached maximum pages limit (150)
2024-12-20 02:05:32,724 - INFO - myntra.com: Reached maximum pages limit (150)
2024-12-20 02:05:32,724 - INFO - myntra.com: Reached maximum pages limit (150)
2024-12-20 02:05:32,724 - INFO - myntra.com: Reached maximum pages limit (150)
2024-12-20 02:05:32,724 - INFO - 
Domain myntra.com crawl completed:
2024-12-20 02:05:32,724 - INFO - - Final pages crawled: 150 out of 150 maximum
2024-12-20 02:05:32,724 - INFO - - Product URLs found: 24

2024-12-20 02:05:33,112 - INFO - Results saved successfully:
2024-12-20 02:05:33,113 - INFO - - Product URLs: crawler_output/product_urls.json
2024-12-20 02:05:33,113 - INFO - - Crawled URLs: crawler_output/crawled_urls.json
